11:46:56 INFO  : Registering command handlers for SDK TCF services
11:46:58 INFO  : Launching XSCT server: xsct -n -interactive /home/jerahmie/embedded/picozed_base/project_1/project_1.sdk/temp_xsdb_launch_script.tcl
11:47:02 INFO  : XSCT server has started successfully.
11:47:02 INFO  : Successfully done setting XSCT server connection channel  
11:47:02 INFO  : Successfully done setting SDK workspace  
11:47:02 INFO  : Processing command line option -hwspec /home/jerahmie/embedded/picozed_base/project_1/project_1.sdk/System_wrapper.hdf.
11:52:46 INFO  : Connected to target on host '127.0.0.1' and port '3121'.
11:52:46 INFO  : 'targets -set -filter {jtag_cable_name =~ "Digilent JTAG-HS3 210299ABC702" && level==0} -index 1' command is executed.
11:52:48 INFO  : FPGA configured successfully with bitstream "/home/jerahmie/embedded/picozed_base/project_1/project_1.sdk/System_wrapper_hw_platform_0/System_wrapper.bit"
11:53:05 INFO  : 'targets -set -filter {jtag_cable_name =~ "Digilent JTAG-HS3 210299ABC702" && level==0} -index 1' command is executed.
11:53:05 INFO  : 'fpga -state' command is executed.
11:53:05 INFO  : Connected to target on host '127.0.0.1' and port '3121'.
11:53:05 INFO  : Jtag cable 'Digilent JTAG-HS3 210299ABC702' is selected.
11:53:05 INFO  : 'jtag frequency' command is executed.
11:53:05 INFO  : Sourcing of '/home/jerahmie/embedded/picozed_base/project_1/project_1.sdk/System_wrapper_hw_platform_0/ps7_init.tcl' is done.
11:53:05 INFO  : Context for 'APU' is selected.
11:53:05 INFO  : Hardware design information is loaded from '/home/jerahmie/embedded/picozed_base/project_1/project_1.sdk/System_wrapper_hw_platform_0/system.hdf'.
11:53:05 INFO  : 'configparams force-mem-access 1' command is executed.
11:53:05 INFO  : Context for 'APU' is selected.
11:53:05 INFO  : 'stop' command is executed.
11:53:06 INFO  : 'ps7_init' command is executed.
11:53:06 INFO  : 'ps7_post_config' command is executed.
11:53:06 INFO  : Context for processor 'ps7_cortexa9_0' is selected.
11:53:06 INFO  : Processor reset is completed for 'ps7_cortexa9_0'.
11:53:06 INFO  : Context for processor 'ps7_cortexa9_0' is selected.
11:53:06 INFO  : The application '/home/jerahmie/embedded/picozed_base/project_1/project_1.sdk/Hello_World/Debug/Hello_World.elf' is downloaded to processor 'ps7_cortexa9_0'.
11:53:06 INFO  : 'configparams force-mem-access 0' command is executed.
11:53:06 INFO  : ----------------XSDB Script----------------
connect -url tcp:127.0.0.1:3121
source /home/jerahmie/embedded/picozed_base/project_1/project_1.sdk/System_wrapper_hw_platform_0/ps7_init.tcl
targets -set -nocase -filter {name =~"APU*" && jtag_cable_name =~ "Digilent JTAG-HS3 210299ABC702"} -index 0
loadhw -hw /home/jerahmie/embedded/picozed_base/project_1/project_1.sdk/System_wrapper_hw_platform_0/system.hdf -mem-ranges [list {0x40000000 0xbfffffff}]
configparams force-mem-access 1
targets -set -nocase -filter {name =~"APU*" && jtag_cable_name =~ "Digilent JTAG-HS3 210299ABC702"} -index 0
stop
ps7_init
ps7_post_config
targets -set -nocase -filter {name =~ "ARM*#0" && jtag_cable_name =~ "Digilent JTAG-HS3 210299ABC702"} -index 0
rst -processor
targets -set -nocase -filter {name =~ "ARM*#0" && jtag_cable_name =~ "Digilent JTAG-HS3 210299ABC702"} -index 0
dow /home/jerahmie/embedded/picozed_base/project_1/project_1.sdk/Hello_World/Debug/Hello_World.elf
configparams force-mem-access 0
----------------End of Script----------------

11:53:06 INFO  : Memory regions updated for context APU
11:53:06 INFO  : Context for processor 'ps7_cortexa9_0' is selected.
11:53:06 INFO  : 'con' command is executed.
11:53:06 INFO  : ----------------XSDB Script (After Launch)----------------
targets -set -nocase -filter {name =~ "ARM*#0" && jtag_cable_name =~ "Digilent JTAG-HS3 210299ABC702"} -index 0
con
----------------End of Script----------------

11:53:06 INFO  : Launch script is exported to file '/home/jerahmie/embedded/picozed_base/project_1/project_1.sdk/.sdk/launch_scripts/xilinx_c-c++_application_(system_debugger)/system_debugger_using_debug_hello_world.elf_on_local.tcl'
11:54:49 INFO  : Disconnected from the channel tcfchan#1.
23:57:50 INFO  : Launching XSCT server: xsct -n -interactive /home/jerahmie/embedded/picozed_base/project_1/project_1.sdk/temp_xsdb_launch_script.tcl
23:57:53 INFO  : XSCT server has started successfully.
23:57:53 INFO  : Successfully done setting XSCT server connection channel  
23:57:53 INFO  : Successfully done setting SDK workspace  
23:57:58 INFO  : Registering command handlers for SDK TCF services
23:57:59 INFO  : Processing command line option -hwspec /home/jerahmie/embedded/picozed_base/project_1/project_1.sdk/System_wrapper.hdf.
23:57:59 INFO  : Checking for hwspec changes in the project System_wrapper_hw_platform_0.
00:00:09 INFO  : Connected to target on host '127.0.0.1' and port '3121'.
00:00:09 INFO  : 'targets -set -filter {jtag_cable_name =~ "Digilent JTAG-HS3 210299ABC702" && level==0} -index 1' command is executed.
00:00:11 INFO  : FPGA configured successfully with bitstream "/home/jerahmie/embedded/picozed_base/project_1/project_1.sdk/System_wrapper_hw_platform_0/System_wrapper.bit"
00:00:26 INFO  : 'targets -set -filter {jtag_cable_name =~ "Digilent JTAG-HS3 210299ABC702" && level==0} -index 1' command is executed.
00:00:26 INFO  : 'fpga -state' command is executed.
00:00:26 INFO  : Connected to target on host '127.0.0.1' and port '3121'.
00:00:26 INFO  : Jtag cable 'Digilent JTAG-HS3 210299ABC702' is selected.
00:00:26 INFO  : 'jtag frequency' command is executed.
00:00:26 INFO  : Sourcing of '/home/jerahmie/embedded/picozed_base/project_1/project_1.sdk/System_wrapper_hw_platform_0/ps7_init.tcl' is done.
00:00:26 INFO  : Context for 'APU' is selected.
00:00:26 INFO  : Hardware design information is loaded from '/home/jerahmie/embedded/picozed_base/project_1/project_1.sdk/System_wrapper_hw_platform_0/system.hdf'.
00:00:26 INFO  : 'configparams force-mem-access 1' command is executed.
00:00:26 INFO  : Context for 'APU' is selected.
00:00:26 INFO  : 'stop' command is executed.
00:00:27 INFO  : 'ps7_init' command is executed.
00:00:27 INFO  : 'ps7_post_config' command is executed.
00:00:27 INFO  : Context for processor 'ps7_cortexa9_0' is selected.
00:00:27 INFO  : Processor reset is completed for 'ps7_cortexa9_0'.
00:00:27 INFO  : Context for processor 'ps7_cortexa9_0' is selected.
00:00:27 INFO  : The application '/home/jerahmie/embedded/picozed_base/project_1/project_1.sdk/Hello_World/Debug/Hello_World.elf' is downloaded to processor 'ps7_cortexa9_0'.
00:00:27 INFO  : 'configparams force-mem-access 0' command is executed.
00:00:27 INFO  : ----------------XSDB Script----------------
connect -url tcp:127.0.0.1:3121
source /home/jerahmie/embedded/picozed_base/project_1/project_1.sdk/System_wrapper_hw_platform_0/ps7_init.tcl
targets -set -nocase -filter {name =~"APU*" && jtag_cable_name =~ "Digilent JTAG-HS3 210299ABC702"} -index 0
loadhw -hw /home/jerahmie/embedded/picozed_base/project_1/project_1.sdk/System_wrapper_hw_platform_0/system.hdf -mem-ranges [list {0x40000000 0xbfffffff}]
configparams force-mem-access 1
targets -set -nocase -filter {name =~"APU*" && jtag_cable_name =~ "Digilent JTAG-HS3 210299ABC702"} -index 0
stop
ps7_init
ps7_post_config
targets -set -nocase -filter {name =~ "ARM*#0" && jtag_cable_name =~ "Digilent JTAG-HS3 210299ABC702"} -index 0
rst -processor
targets -set -nocase -filter {name =~ "ARM*#0" && jtag_cable_name =~ "Digilent JTAG-HS3 210299ABC702"} -index 0
dow /home/jerahmie/embedded/picozed_base/project_1/project_1.sdk/Hello_World/Debug/Hello_World.elf
configparams force-mem-access 0
----------------End of Script----------------

00:00:27 INFO  : Memory regions updated for context APU
00:00:27 INFO  : Context for processor 'ps7_cortexa9_0' is selected.
00:00:27 INFO  : 'con' command is executed.
00:00:27 INFO  : ----------------XSDB Script (After Launch)----------------
targets -set -nocase -filter {name =~ "ARM*#0" && jtag_cable_name =~ "Digilent JTAG-HS3 210299ABC702"} -index 0
con
----------------End of Script----------------

00:00:27 INFO  : Launch script is exported to file '/home/jerahmie/embedded/picozed_base/project_1/project_1.sdk/.sdk/launch_scripts/xilinx_c-c++_application_(system_debugger)/system_debugger_using_debug_hello_world.elf_on_local.tcl'
13:49:54 INFO  : Disconnected from the channel tcfchan#1.
13:57:32 INFO  : Launching XSCT server: xsct -n -interactive /home/jerahmie/embedded/picozed_roadtest/picozed_base/project_1/project_1.sdk/temp_xsdb_launch_script.tcl
13:57:35 INFO  : XSCT server has started successfully.
13:57:35 INFO  : Successfully done setting XSCT server connection channel  
13:57:35 INFO  : Successfully done setting SDK workspace  
13:57:40 INFO  : Registering command handlers for SDK TCF services
13:57:40 INFO  : Processing command line option -hwspec /home/jerahmie/embedded/picozed_roadtest/picozed_base/project_1/project_1.sdk/System_wrapper.hdf.
